2024-02-28 16:34:12,528 [restartedMain] INFO  com.example.demo.DemoApplication - Starting DemoApplication using Java 21.0.2 with PID 3384 (C:\Users\ciacc\Documents\Progetti\Logging\target\classes started by ciacc in C:\Users\ciacc\Documents\Progetti\Logging)
2024-02-28 16:34:12,530 [restartedMain] INFO  com.example.demo.DemoApplication - No active profile set, falling back to 1 default profile: "default"
2024-02-28 16:34:12,576 [restartedMain] INFO  o.s.b.d.e.DevToolsPropertyDefaultsPostProcessor - Devtools property defaults active! Set 'spring.devtools.add-properties' to 'false' to disable
2024-02-28 16:34:12,587 [restartedMain] INFO  o.s.b.d.e.DevToolsPropertyDefaultsPostProcessor - For additional web related logging consider setting the 'logging.level.web' property to 'DEBUG'
2024-02-28 16:34:13,378 [restartedMain] INFO  o.s.b.w.e.tomcat.TomcatWebServer - Tomcat initialized with port 8080 (http)
2024-02-28 16:34:13,389 [restartedMain] INFO  o.a.catalina.core.StandardService - Starting service [Tomcat]
2024-02-28 16:34:13,390 [restartedMain] INFO  o.a.catalina.core.StandardEngine - Starting Servlet engine: [Apache Tomcat/10.1.19]
2024-02-28 16:34:13,466 [restartedMain] INFO  o.a.c.c.C.[Tomcat].[localhost].[/] - Initializing Spring embedded WebApplicationContext
2024-02-28 16:34:13,466 [restartedMain] INFO  o.s.b.w.s.c.ServletWebServerApplicationContext - Root WebApplicationContext: initialization completed in 879 ms
2024-02-28 16:34:13,758 [restartedMain] INFO  o.s.b.d.a.OptionalLiveReloadServer - LiveReload server is running on port 35729
2024-02-28 16:34:13,789 [restartedMain] INFO  o.s.b.w.e.tomcat.TomcatWebServer - Tomcat started on port 8080 (http) with context path ''
2024-02-28 16:34:13,796 [restartedMain] INFO  com.example.demo.DemoApplication - Started DemoApplication in 1.64 seconds (process running for 1.984)
2024-02-28T16:34:53.004+01:00  INFO 24688 --- [restartedMain] com.example.demo.DemoApplication         : Starting DemoApplication using Java 21.0.2 with PID 24688 (C:\Users\ciacc\Documents\Progetti\Logging\target\classes started by ciacc in C:\Users\ciacc\Documents\Progetti\Logging)
2024-02-28T16:34:53.012+01:00  INFO 24688 --- [restartedMain] com.example.demo.DemoApplication         : No active profile set, falling back to 1 default profile: "default"
2024-02-28T16:34:53.055+01:00  INFO 24688 --- [restartedMain] .e.DevToolsPropertyDefaultsPostProcessor : Devtools property defaults active! Set 'spring.devtools.add-properties' to 'false' to disable
2024-02-28T16:34:53.055+01:00  INFO 24688 --- [restartedMain] .e.DevToolsPropertyDefaultsPostProcessor : For additional web related logging consider setting the 'logging.level.web' property to 'DEBUG'
2024-02-28T16:34:53.849+01:00  INFO 24688 --- [restartedMain] o.s.b.w.embedded.tomcat.TomcatWebServer  : Tomcat initialized with port 8080 (http)
2024-02-28T16:34:53.862+01:00  INFO 24688 --- [restartedMain] o.apache.catalina.core.StandardService   : Starting service [Tomcat]
2024-02-28T16:34:53.862+01:00  INFO 24688 --- [restartedMain] o.apache.catalina.core.StandardEngine    : Starting Servlet engine: [Apache Tomcat/10.1.19]
2024-02-28T16:34:53.899+01:00  INFO 24688 --- [restartedMain] o.a.c.c.C.[Tomcat].[localhost].[/]       : Initializing Spring embedded WebApplicationContext
2024-02-28T16:34:53.900+01:00  INFO 24688 --- [restartedMain] w.s.c.ServletWebServerApplicationContext : Root WebApplicationContext: initialization completed in 844 ms
2024-02-28T16:34:54.189+01:00  INFO 24688 --- [restartedMain] o.s.b.d.a.OptionalLiveReloadServer       : LiveReload server is running on port 35729
2024-02-28T16:34:54.225+01:00  INFO 24688 --- [restartedMain] o.s.b.w.embedded.tomcat.TomcatWebServer  : Tomcat started on port 8080 (http) with context path ''
2024-02-28T16:34:54.233+01:00  INFO 24688 --- [restartedMain] com.example.demo.DemoApplication         : Started DemoApplication in 1.614 seconds (process running for 1.953)
2024-02-28T16:35:06.202+01:00  INFO 24688 --- [http-nio-8080-exec-2] o.a.c.c.C.[Tomcat].[localhost].[/]       : Initializing Spring DispatcherServlet 'dispatcherServlet'
2024-02-28T16:35:06.202+01:00  INFO 24688 --- [http-nio-8080-exec-2] o.s.web.servlet.DispatcherServlet        : Initializing Servlet 'dispatcherServlet'
2024-02-28T16:35:06.203+01:00  INFO 24688 --- [http-nio-8080-exec-2] o.s.web.servlet.DispatcherServlet        : Completed initialization in 1 ms
2024-02-28T16:35:06.229+01:00  INFO 24688 --- [http-nio-8080-exec-2] c.e.demo.controllers.BasicController     : Welcome in this app
2024-02-28T16:35:11.541+01:00 DEBUG 24688 --- [http-nio-8080-exec-1] com.example.demo.services.BasicService   : Starting calculation...
2024-02-28T16:35:11.541+01:00 DEBUG 24688 --- [http-nio-8080-exec-1] com.example.demo.services.BasicService   : 2 raised to the power of 8 is: 256.0
2024-02-28T16:35:11.542+01:00 DEBUG 24688 --- [http-nio-8080-exec-1] com.example.demo.services.BasicService   : Calculation finished.
